[    0.000000] Initializing cgroup subsys cpuset
[    0.000000] Initializing cgroup subsys cpu
[    0.000000] Initializing cgroup subsys cpuacct
[    0.000000] Linux version 4.4.0-134-generic (buildd@lgw01-amd64-033) (gcc version 5.4.0 20160609 (Ubuntu 5.4.0-6ubuntu1~16.04.10) ) #160-Ubuntu SMP Wed Aug 15 14:58:00 UTC 2018 (Ubuntu 4.4.0-134.160-generic 4.4.140)
[    0.000000] Command line: BOOT_IMAGE=/boot/vmlinuz-4.4.0-134-generic root=UUID=76868d63-8c37-4f81-8dba-eb365f150e41 ro console=tty1 console=ttyS0
[    0.000000] KERNEL supported cpus:
[    0.000000]   Intel GenuineIntel
[    0.000000]   AMD AuthenticAMD
[    0.000000]   Centaur CentaurHauls
[    0.000000] ------------[ cut here ]------------
[    0.000000] WARNING: CPU: 0 PID: 0 at /build/linux-osVS4h/linux-4.4.0/arch/x86/kernel/fpu/xstate.c:517 fpu__init_system_xstate+0x38a/0x759()
[    0.000000] XSAVE consistency problem, dumping leaves
[    0.000000] Modules linked in:
[    0.000000] CPU: 0 PID: 0 Comm: swapper Not tainted 4.4.0-134-generic #160-Ubuntu
[    0.000000]  0000000000000086 f37df66e048544ec ffffffff81e03d70 ffffffff814039f3
[    0.000000]  ffffffff81e03db8 ffffffff81cad1e8 ffffffff81e03da8 ffffffff81084982
[    0.000000]  ffffffff81e03e38 ffffffff81e03e3c 0000000000000008 0000000000000100
[    0.000000] Call Trace:
[    0.000000]  [<ffffffff814039f3>] dump_stack+0x63/0x90
[    0.000000]  [<ffffffff81084982>] warn_slowpath_common+0x82/0xc0
[    0.000000]  [<ffffffff81084a1c>] warn_slowpath_fmt+0x5c/0x80
[    0.000000]  [<ffffffff8108051b>] ? xfeature_size+0x59/0x77
[    0.000000]  [<ffffffff81f731d1>] fpu__init_system_xstate+0x38a/0x759
[    0.000000]  [<ffffffff81f63120>] ? early_idt_handler_array+0x120/0x120
[    0.000000]  [<ffffffff81f72bce>] fpu__init_system+0x1e7/0x28e
[    0.000000]  [<ffffffff81f73d88>] early_cpu_init+0x1fb/0x201
[    0.000000]  [<ffffffff81f73d88>] ? early_cpu_init+0x1fb/0x201
[    0.000000]  [<ffffffff81f6f17d>] setup_arch+0xc0/0xd1f
[    0.000000]  [<ffffffff81f63120>] ? early_idt_handler_array+0x120/0x120
[    0.000000]  [<ffffffff81f63c75>] start_kernel+0xe2/0x4a4
[    0.000000]  [<ffffffff81f63120>] ? early_idt_handler_array+0x120/0x120
[    0.000000]  [<ffffffff81f63339>] x86_64_start_reservations+0x2a/0x2c
[    0.000000]  [<ffffffff81f63485>] x86_64_start_kernel+0x14a/0x16d
[    0.000000] ---[ end trace 4d5ff9f2f68c4233 ]---
[    0.000000] CPUID[0d, 00]: eax=00000007 ebx=00000440 ecx=00000440 edx=00000000
[    0.000000] CPUID[0d, 01]: eax=00000000 ebx=000003c0 ecx=00000000 edx=00000000
[    0.000000] CPUID[0d, 02]: eax=00000100 ebx=00000240 ecx=00000000 edx=00000000
[    0.000000] CPUID[0d, 03]: eax=00000000 ebx=00000000 ecx=00000000 edx=00000000
[    0.000000] CPUID[0d, 04]: eax=00000000 ebx=00000000 ecx=00000000 edx=00000000
[    0.000000] CPUID[0d, 05]: eax=00000000 ebx=00000000 ecx=00000000 edx=00000000
[    0.000000] CPUID[0d, 06]: eax=00000000 ebx=00000000 ecx=00000000 edx=00000000
[    0.000000] CPUID[0d, 07]: eax=00000000 ebx=00000000 ecx=00000000 edx=00000000
[    0.000000] CPUID[0d, 08]: eax=00000000 ebx=00000000 ecx=00000000 edx=00000000
[    0.000000] CPUID[0d, 09]: eax=00000000 ebx=00000000 ecx=00000000 edx=00000000
[    0.000000] CPUID[0d, 0a]: eax=00000000 ebx=00000000 ecx=00000000 edx=00000000
[    0.000000] CPUID[0d, 0b]: eax=00000000 ebx=00000000 ecx=00000000 edx=00000000
[    0.000000] CPUID[0d, 0c]: eax=00000000 ebx=00000000 ecx=00000000 edx=00000000
[    0.000000] CPUID[0d, 0d]: eax=00000000 ebx=00000000 ecx=00000000 edx=00000000
[    0.000000] CPUID[0d, 0e]: eax=00000000 ebx=00000000 ecx=00000000 edx=00000000
[    0.000000] CPUID[0d, 0f]: eax=00000000 ebx=00000000 ecx=00000000 edx=00000000
[    0.000000] CPUID[0d, 10]: eax=00000000 ebx=00000000 ecx=00000000 edx=00000000
[    0.000000] CPUID[0d, 11]: eax=00000000 ebx=00000000 ecx=00000000 edx=00000000
[    0.000000] x86/fpu: xstate_offset[2]:  576, xstate_sizes[2]:  256
[    0.000000] x86/fpu: Supporting XSAVE feature 0x01: 'x87 floating point registers'
[    0.000000] x86/fpu: Supporting XSAVE feature 0x02: 'SSE registers'
[    0.000000] x86/fpu: Supporting XSAVE feature 0x04: 'AVX registers'
[    0.000000] x86/fpu: Enabled xstate features 0x7, context size is 1088 bytes, using 'standard' format.
[    0.000000] e820: BIOS-provided physical RAM map:
[    0.000000] BIOS-e820: [mem 0x0000000000000000-0x000000000009fbff] usable
[    0.000000] BIOS-e820: [mem 0x000000000009fc00-0x000000000009ffff] reserved
[    0.000000] BIOS-e820: [mem 0x00000000000f0000-0x00000000000fffff] reserved
[    0.000000] BIOS-e820: [mem 0x0000000000100000-0x000000003ffeffff] usable
[    0.000000] BIOS-e820: [mem 0x000000003fff0000-0x000000003fffffff] ACPI data
[    0.000000] BIOS-e820: [mem 0x00000000fec00000-0x00000000fec00fff] reserved
[    0.000000] BIOS-e820: [mem 0x00000000fee00000-0x00000000fee00fff] reserved
[    0.000000] BIOS-e820: [mem 0x00000000fffc0000-0x00000000ffffffff] reserved
[    0.000000] NX (Execute Disable) protection: active
[    0.000000] SMBIOS 2.5 present.
[    0.000000] Hypervisor detected: KVM
[    0.000000] e820: last_pfn = 0x3fff0 max_arch_pfn = 0x400000000
[    0.000000] MTRR: Disabled
[    0.000000] x86/PAT: MTRRs disabled, skipping PAT initialization too.
[    0.000000] CPU MTRRs all blank - virtualized system.
[    0.000000] x86/PAT: Configuration [0-7]: WB  WT  UC- UC  WB  WT  UC- UC  
[    0.000000] found SMP MP-table at [mem 0x0009fff0-0x0009ffff] mapped at [ffff88000009fff0]
[    0.000000] Scanning 1 areas for low memory corruption
[    0.000000] RAMDISK: [mem 0x361ee000-0x370eefff]
[    0.000000] ACPI: Early table checksum verification disabled
[    0.000000] ACPI: RSDP 0x00000000000E0000 000024 (v02 VBOX  )
[    0.000000] ACPI: XSDT 0x000000003FFF0030 00003C (v01 VBOX   VBOXXSDT 00000001 ASL  00000061)
[    0.000000] ACPI: FACP 0x000000003FFF00F0 0000F4 (v04 VBOX   VBOXFACP 00000001 ASL  00000061)
[    0.000000] ACPI: DSDT 0x000000003FFF0470 0021FF (v02 VBOX   VBOXBIOS 00000002 INTL 20160108)
[    0.000000] ACPI: FACS 0x000000003FFF0200 000040
[    0.000000] ACPI: FACS 0x000000003FFF0200 000040
[    0.000000] ACPI: APIC 0x000000003FFF0240 00005C (v02 VBOX   VBOXAPIC 00000001 ASL  00000061)
[    0.000000] ACPI: SSDT 0x000000003FFF02A0 0001CC (v01 VBOX   VBOXCPUT 00000002 INTL 20160108)
[    0.000000] No NUMA configuration found
[    0.000000] Faking a node at [mem 0x0000000000000000-0x000000003ffeffff]
[    0.000000] NODE_DATA(0) allocated [mem 0x3ffeb000-0x3ffeffff]
[    0.000000] kvm-clock: Using msrs 4b564d01 and 4b564d00
[    0.000000] kvm-clock: cpu 0, msr 0:3ffe3001, primary cpu clock
[    0.000000] kvm-clock: using sched offset of 3923337746 cycles
[    0.000000] clocksource: kvm-clock: mask: 0xffffffffffffffff max_cycles: 0x1cd42e4dffb, max_idle_ns: 881590591483 ns
[    0.000000] Zone ranges:
[    0.000000]   DMA      [mem 0x0000000000001000-0x0000000000ffffff]
[    0.000000]   DMA32    [mem 0x0000000001000000-0x000000003ffeffff]
[    0.000000]   Normal   empty
[    0.000000]   Device   empty
[    0.000000] Movable zone start for each node
[    0.000000] Early memory node ranges
[    0.000000]   node   0: [mem 0x0000000000001000-0x000000000009efff]
[    0.000000]   node   0: [mem 0x0000000000100000-0x000000003ffeffff]
[    0.000000] Initmem setup node 0 [mem 0x0000000000001000-0x000000003ffeffff]
[    0.000000] ACPI: PM-Timer IO Port: 0x4008
[    0.000000] IOAPIC[0]: apic_id 2, version 32, address 0xfec00000, GSI 0-23
[    0.000000] ACPI: INT_SRC_OVR (bus 0 bus_irq 0 global_irq 2 dfl dfl)
[    0.000000] ACPI: INT_SRC_OVR (bus 0 bus_irq 9 global_irq 9 high level)
[    0.000000] Using ACPI (MADT) for SMP configuration information
[    0.000000] smpboot: Allowing 2 CPUs, 0 hotplug CPUs
[    0.000000] PM: Registered nosave memory: [mem 0x00000000-0x00000fff]
[    0.000000] PM: Registered nosave memory: [mem 0x0009f000-0x0009ffff]
[    0.000000] PM: Registered nosave memory: [mem 0x000a0000-0x000effff]
[    0.000000] PM: Registered nosave memory: [mem 0x000f0000-0x000fffff]
[    0.000000] e820: [mem 0x40000000-0xfebfffff] available for PCI devices
[    0.000000] Booting paravirtualized kernel on KVM
[    0.000000] clocksource: refined-jiffies: mask: 0xffffffff max_cycles: 0xffffffff, max_idle_ns: 7645519600211568 ns
[    0.000000] setup_percpu: NR_CPUS:512 nr_cpumask_bits:512 nr_cpu_ids:2 nr_node_ids:1
[    0.000000] PERCPU: Embedded 34 pages/cpu @ffff88003fc00000 s99544 r8192 d31528 u1048576
[    0.000000] PV qspinlock hash table entries: 256 (order: 0, 4096 bytes)
[    0.000000] Built 1 zonelists in Node order, mobility grouping on.  Total pages: 257912
[    0.000000] Policy zone: DMA32
[    0.000000] Kernel command line: BOOT_IMAGE=/boot/vmlinuz-4.4.0-134-generic root=UUID=76868d63-8c37-4f81-8dba-eb365f150e41 ro console=tty1 console=ttyS0
[    0.000000] PID hash table entries: 4096 (order: 3, 32768 bytes)
[    0.000000] Memory: 997152K/1048120K available (8554K kernel code, 1314K rwdata, 4004K rodata, 1516K init, 1316K bss, 50968K reserved, 0K cma-reserved)
[    0.000000] SLUB: HWalign=64, Order=0-3, MinObjects=0, CPUs=2, Nodes=1
[    0.000000] Kernel/User page tables isolation: enabled
[    0.000000] Hierarchical RCU implementation.
[    0.000000] 	Build-time adjustment of leaf fanout to 64.
[    0.000000] 	RCU restricting CPUs from NR_CPUS=512 to nr_cpu_ids=2.
[    0.000000] RCU: Adjusting geometry for rcu_fanout_leaf=64, nr_cpu_ids=2
[    0.000000] NR_IRQS:33024 nr_irqs:440 16
[    0.000000] Console: colour VGA+ 80x25
[    0.000000] console [tty1] enabled
[    0.000000] console [ttyS0] enabled
[    0.000000] tsc: Detected 2406.854 MHz processor
[    2.663220] Calibrating delay loop (skipped) preset value.. 4813.70 BogoMIPS (lpj=9627416)
[    2.665088] pid_max: default: 32768 minimum: 301
[    2.667039] ACPI: Core revision 20150930
[    2.670087] ACPI: 2 ACPI AML tables successfully acquired and loaded
[    2.671464] Security Framework initialized
[    2.677656] Yama: becoming mindful.
[    2.736406] AppArmor: AppArmor initialized
[    2.739508] Dentry cache hash table entries: 131072 (order: 8, 1048576 bytes)
[    2.741501] Inode-cache hash table entries: 65536 (order: 7, 524288 bytes)
[    2.794094] Mount-cache hash table entries: 2048 (order: 2, 16384 bytes)
[    2.810942] Mountpoint-cache hash table entries: 2048 (order: 2, 16384 bytes)
[    2.812324] Initializing cgroup subsys io
[    2.854031] Initializing cgroup subsys memory
[    2.904349] Initializing cgroup subsys devices
[    2.919723] Initializing cgroup subsys freezer
[    2.920667] Initializing cgroup subsys net_cls
[    2.921645] Initializing cgroup subsys perf_event
[    2.922717] Initializing cgroup subsys net_prio
[    2.923735] Initializing cgroup subsys hugetlb
[    2.924750] Initializing cgroup subsys pids
[    2.976686] mce: CPU supports 0 MCE banks
[    3.011050] Last level iTLB entries: 4KB 64, 2MB 8, 4MB 8
[    3.012148] Last level dTLB entries: 4KB 64, 2MB 0, 4MB 0, 1GB 4
[    3.013393] Spectre V2 : Mitigation: Full generic retpoline
[    3.014507] Spectre V2 : Speculation control IBPB not-supported IBRS not-supported
[    3.035229] Spectre V2 : Filling RSB on context switch
[    3.047158] Speculative Store Bypass: Vulnerable
[    3.057029] Freeing SMP alternatives memory: 32K
[    3.066899] ftrace: allocating 32266 entries in 127 pages
[    3.128882] smpboot: APIC(0) Converting physical 0 to logical package 0
[    3.154156] smpboot: Max logical packages: 1
[    3.155402] x2apic enabled
[    3.156401] Switched APIC routing to physical x2apic.
[    3.158603] ..TIMER: vector=0x30 apic1=0 pin1=2 apic2=-1 pin2=-1
[    3.267889] APIC calibration not consistent with PM-Timer: 103ms instead of 100ms
[    3.374075] APIC delta adjusted to PM-Timer: 6250009 (6497912)
[    3.399373] smpboot: CPU0: Intel(R) Core(TM) i5-6200U CPU @ 2.30GHz (family: 0x6, model: 0x4e, stepping: 0x3)
[    3.401713] Performance Events: unsupported p6 CPU model 78 no PMU driver, software events only.
[    3.403785] KVM setup paravirtual spinlock
[    3.453584] x86: Booting SMP configuration:
[    3.454607] .... node  #0, CPUs:      #1
[    3.455677] kvm-clock: cpu 1, msr 0:3ffe3041, secondary cpu clock
[    3.460918] mce: CPU supports 0 MCE banks
[    3.465688] x86: Booted up 1 node, 2 CPUs
[    3.482637] smpboot: Total of 2 processors activated (9627.41 BogoMIPS)
[    3.484615] devtmpfs: initialized
[    3.488480] evm: security.selinux
[    3.489302] evm: security.SMACK64
[    3.490043] evm: security.SMACK64EXEC
[    3.490934] evm: security.SMACK64TRANSMUTE
[    3.527026] evm: security.SMACK64MMAP
[    3.536563] evm: security.ima
[    3.537299] evm: security.capability
[    3.539589] clocksource: jiffies: mask: 0xffffffff max_cycles: 0xffffffff, max_idle_ns: 7645041785100000 ns
[    3.541688] futex hash table entries: 512 (order: 3, 32768 bytes)
[    3.543181] pinctrl core: initialized pinctrl subsystem
[    3.544446] RTC time: 21:32:22, date: 09/17/18
[    3.546675] NET: Registered protocol family 16
[    3.558596] cpuidle: using governor ladder
[    3.574552] cpuidle: using governor menu
[    3.615888] PCCT header not found.
[    3.632429] ACPI: bus type PCI registered
[    3.634536] acpiphp: ACPI Hot Plug PCI Controller Driver version: 0.5
[    3.636005] PCI: Using configuration type 1 for base access
[    3.651416] ACPI: Added _OSI(Module Device)
[    3.710505] ACPI: Added _OSI(Processor Device)
[    3.783115] ACPI: Added _OSI(3.0 _SCP Extensions)
[    3.814289] ACPI: Added _OSI(Processor Aggregator Device)
[    3.821980] ACPI: Executed 1 blocks of module-level executable AML code
[    3.859304] ACPI: Interpreter enabled
[    3.881734] ACPI: (supports S0 S5)
[    3.882457] ACPI: Using IOAPIC for interrupt routing
[    3.886767] PCI: Using host bridge windows from ACPI; if necessary, use "pci=nocrs" and report a bug
[    3.903806] ACPI: PCI Root Bridge [PCI0] (domain 0000 [bus 00-ff])
[    3.911835] acpi PNP0A03:00: _OSC: OS supports [ASPM ClockPM Segments MSI]
[    3.913276] acpi PNP0A03:00: _OSC: not requesting OS control; OS requires [ExtendedConfig ASPM ClockPM MSI]
[    3.916437] acpi PNP0A03:00: fail to add MMCONFIG information, can't access extended PCI configuration space under this bridge.
[    3.918974] PCI host bridge to bus 0000:00
[    3.919859] pci_bus 0000:00: root bus resource [io  0x0000-0x0cf7 window]
[    3.921155] pci_bus 0000:00: root bus resource [io  0x0d00-0xffff window]
[    3.933048] pci_bus 0000:00: root bus resource [mem 0x000a0000-0x000bffff window]
[    3.964969] pci_bus 0000:00: root bus resource [mem 0x40000000-0xffdfffff window]
[    4.009421] pci_bus 0000:00: root bus resource [bus 00-ff]
[    4.014477] pci 0000:00:01.1: legacy IDE quirk: reg 0x10: [io  0x01f0-0x01f7]
[    4.015850] pci 0000:00:01.1: legacy IDE quirk: reg 0x14: [io  0x03f6]
[    4.017093] pci 0000:00:01.1: legacy IDE quirk: reg 0x18: [io  0x0170-0x0177]
[    4.018442] pci 0000:00:01.1: legacy IDE quirk: reg 0x1c: [io  0x0376]
[    4.036208] pci 0000:00:07.0: quirk: [io  0x4000-0x403f] claimed by PIIX4 ACPI
[    4.078134] pci 0000:00:07.0: quirk: [io  0x4100-0x410f] claimed by PIIX4 SMB
[    4.090449] ACPI: PCI Interrupt Link [LNKA] (IRQs 5 9 10 *11)
[    4.097659] ACPI: PCI Interrupt Link [LNKB] (IRQs 5 9 10 *11)
[    4.101882] ACPI: PCI Interrupt Link [LNKC] (IRQs 5 9 *10 11)
[    4.144056] ACPI: PCI Interrupt Link [LNKD] (IRQs 5 *9 10 11)
[    4.145802] ACPI: Enabled 2 GPEs in block 00 to 07
[    4.147290] vgaarb: setting as boot device: PCI:0000:00:02.0
[    4.148470] vgaarb: device added: PCI:0000:00:02.0,decodes=io+mem,owns=io+mem,locks=none
[    4.199813] vgaarb: loaded
[    4.202633] vgaarb: bridge control possible 0000:00:02.0
[    4.213108] SCSI subsystem initialized
[    4.222649] ACPI: bus type USB registered
[    4.223653] usbcore: registered new interface driver usbfs
[    4.224796] usbcore: registered new interface driver hub
[    4.291956] usbcore: registered new device driver usb
[    4.293941] PCI: Using ACPI for IRQ routing
[    4.311287] NetLabel: Initializing
[    4.312140] NetLabel:  domain hash size = 128
[    4.313104] NetLabel:  protocols = UNLABELED CIPSOv4
[    4.320586] NetLabel:  unlabeled traffic allowed by default
[    4.333292] amd_nb: Cannot enumerate AMD northbridges
[    4.344901] clocksource: Switched to clocksource kvm-clock
[    4.353184] AppArmor: AppArmor Filesystem Enabled
[    4.370832] pnp: PnP ACPI init
[    4.412308] pnp: PnP ACPI: found 3 devices
[    4.509807] clocksource: acpi_pm: mask: 0xffffff max_cycles: 0xffffff, max_idle_ns: 2085701024 ns
[    4.563960] NET: Registered protocol family 2
[    4.565088] TCP established hash table entries: 8192 (order: 4, 65536 bytes)
[    4.566499] TCP bind hash table entries: 8192 (order: 5, 131072 bytes)
[    4.573028] TCP: Hash tables configured (established 8192 bind 8192)
[    4.574335] UDP hash table entries: 512 (order: 2, 16384 bytes)
[    4.575441] UDP-Lite hash table entries: 512 (order: 2, 16384 bytes)
[    4.576742] NET: Registered protocol family 1
[    4.625516] pci 0000:00:00.0: Limiting direct PCI/PCI transfers
[    4.748138] pci 0000:00:01.0: Activating ISA DMA hang workarounds
[    4.874863] Unpacking initramfs...
[    5.200227] Freeing initrd memory: 15364K
[    5.209884] platform rtc_cmos: registered platform RTC device (no PNP device found)
[    5.211681] Scanning for low memory corruption every 60 seconds
[    5.213201] audit: initializing netlink subsys (disabled)
[    5.219423] audit: type=2000 audit(1537219946.052:1): initialized
[    5.260001] Initialise system trusted keyring
[    5.261236] HugeTLB registered 2 MB page size, pre-allocated 0 pages
[    5.310531] zbud: loaded
[    5.389110] VFS: Disk quotas dquot_6.6.0
[    5.453829] VFS: Dquot-cache hash table entries: 512 (order 0, 4096 bytes)
[    5.469524] squashfs: version 4.0 (2009/01/31) Phillip Lougher
[    5.509536] fuse init (API version 7.23)
[    5.510516] Key type big_key registered
[    5.511413] Allocating IMA MOK and blacklist keyrings.
[    5.513723] Key type asymmetric registered
[    5.514656] Asymmetric key parser 'x509' registered
[    5.515726] Block layer SCSI generic (bsg) driver version 0.4 loaded (major 249)
[    5.517499] io scheduler noop registered
[    5.518419] io scheduler deadline registered (default)
[    5.519521] io scheduler cfq registered
[    5.520438] pci_hotplug: PCI Hot Plug PCI Core version: 0.5
[    5.538509] pciehp: PCI Express Hot Plug Controller Driver version: 0.4
[    5.588524] ACPI: AC Adapter [AC] (on-line)
[    5.638382] input: Power Button as /devices/LNXSYSTM:00/LNXPWRBN:00/input/input0
[    5.659166] ACPI: Power Button [PWRF]
[    5.660099] input: Sleep Button as /devices/LNXSYSTM:00/LNXSLPBN:00/input/input1
[    5.668308] ACPI: Sleep Button [SLPF]
[    5.669491] GHES: HEST is not enabled!
[    5.670940] ACPI: Battery Slot [BAT0] (battery present)
[    5.777742] Serial: 8250/16550 driver, 32 ports, IRQ sharing enabled
[    5.801133] 00:02: ttyS0 at I/O 0x3f8 (irq = 4, base_baud = 115200) is a 16550A
[    5.812402] Linux agpgart interface v0.103
[    5.880731] loop: module loaded
[    5.948691] scsi host0: ata_piix
[    5.950855] scsi host1: ata_piix
[    5.951654] ata1: PATA max UDMA/33 cmd 0x1f0 ctl 0x3f6 bmdma 0xd000 irq 14
[    5.953118] ata2: PATA max UDMA/33 cmd 0x170 ctl 0x376 bmdma 0xd008 irq 15
[    6.027648] libphy: Fixed MDIO Bus: probed
[    6.053030] tun: Universal TUN/TAP device driver, 1.6
[    6.137685] tun: (C) 1999-2004 Max Krasnyansky <maxk@qualcomm.com>
[    6.139664] PPP generic driver version 2.4.2
[    6.157205] ehci_hcd: USB 2.0 'Enhanced' Host Controller (EHCI) Driver
[    6.183286] ehci-pci: EHCI PCI platform driver
[    6.184249] ehci-platform: EHCI generic platform driver
[    6.208991] tsc: Refined TSC clocksource calibration: 2401.545 MHz
[    6.208993] clocksource: tsc: mask: 0xffffffffffffffff max_cycles: 0x229deb4866b, max_idle_ns: 440795328588 ns
[    6.218280] ohci_hcd: USB 1.1 'Open' Host Controller (OHCI) Driver
[    6.219570] ohci-pci: OHCI PCI platform driver
[    6.220541] ohci-platform: OHCI generic platform driver
[    6.257435] uhci_hcd: USB Universal Host Controller Interface driver
[    6.264023] i8042: PNP: PS/2 Controller [PNP0303:PS2K,PNP0f03:PS2M] at 0x60,0x64 irq 1,12
[    6.266120] serio: i8042 KBD port at 0x60,0x64 irq 1
[    6.332917] serio: i8042 AUX port at 0x60,0x64 irq 12
[    6.334063] mousedev: PS/2 mouse device common for all mice
[    6.335569] input: AT Translated Set 2 keyboard as /devices/platform/i8042/serio0/input/input2
[    6.419331] rtc_cmos rtc_cmos: rtc core: registered rtc_cmos as rtc0
[    6.548842] rtc_cmos rtc_cmos: alarms up to one day, 114 bytes nvram
[    6.551337] i2c /dev entries driver
[    6.552361] device-mapper: uevent: version 1.0.3
[    6.553442] device-mapper: ioctl: 4.34.0-ioctl (2015-10-28) initialised: dm-devel@redhat.com
[    6.555419] ledtrig-cpu: registered to indicate activity on CPUs
[    6.557393] NET: Registered protocol family 10
[    6.569878] NET: Registered protocol family 17
[    6.660035] Key type dns_resolver registered
[    6.757788] registered taskstats version 1
[    6.772824] Loading compiled-in X.509 certificates
[    6.774649] Loaded X.509 cert 'Build time autogenerated kernel key: 4eb3d024ac16f76c1747ffd474694c84db21038b'
[    6.776726] zswap: loaded using pool lzo/zbud
[    6.829566] Key type trusted registered
[    6.839538] Key type encrypted registered
[    6.845871] AppArmor: AppArmor sha1 policy hashing enabled
[    6.871182] ima: No TPM chip found, activating TPM-bypass!
[    6.872365] ima: Allocated hash algorithm: sha1
[    6.885796] evm: HMAC attrs: 0x1
[    6.886932]   Magic number: 2:4:551
[    6.887870] tty ttyS27: hash matches
[    6.888784] acpi PNP0C0F:02: hash matches
[    6.889933] rtc_cmos rtc_cmos: setting system clock to 2018-09-17 21:32:25 UTC (1537219945)
[    6.892001] BIOS EDD facility v0.16 2004-Jun-25, 0 devices found
[    6.893398] EDD information not available.
[    6.895801] Freeing unused kernel memory: 1516K
[    6.909006] Write protecting the kernel read-only data: 14336k
[    7.015018] Freeing unused kernel memory: 1672K
[    7.086815] Freeing unused kernel memory: 92K
Loading, please [    7.105895] random: systemd-udevd: uninitialized urandom read (16 bytes read, 3 bits of entropy available)
wait...
starting version 229
[    7.106709] random: udevadm: uninitialized urandom read (16 bytes read, 3 bits of entropy available)
[    7.106732] random: udevadm: uninitialized urandom read (16 bytes read, 3 bits of entropy available)
[    7.116529] random: udevadm: uninitialized urandom read (16 bytes read, 3 bits of entropy available)
[    7.116576] random: udevadm: uninitialized urandom read (16 bytes read, 3 bits of entropy available)
[    7.116781] random: udevadm: uninitialized urandom read (16 bytes read, 3 bits of entropy available)
[    7.116842] random: udevadm: uninitialized urandom read (16 bytes read, 3 bits of entropy available)
[    7.116900] random: udevadm: uninitialized urandom read (16 bytes read, 3 bits of entropy available)
[    7.116965] random: udevadm: uninitialized urandom read (16 bytes read, 3 bits of entropy available)
[    7.117014] random: udevadm: uninitialized urandom read (16 bytes read, 3 bits of entropy available)
[    7.210324] e1000: Intel(R) PRO/1000 Network Driver - version 7.3.21-k8-NAPI
[    7.301654] e1000: Copyright (c) 1999-2006 Intel Corporation.
[    7.356285] Fusion MPT base driver 3.04.20
[    7.381674] Copyright (c) 1999-2008 LSI Corporation
[    7.411389] Fusion MPT SPI Host driver 3.04.20
[    7.434712] AVX version of gcm_enc/dec engaged.
[    7.439013] AES CTR mode by8 optimization enabled
[    7.600503] input: ImExPS/2 Generic Explorer Mouse as /devices/platform/i8042/serio1/input/input4
[    7.766189] e1000 0000:00:03.0 eth0: (PCI:33MHz:32-bit) 02:1b:e7:ca:c1:c0
[    7.767971] e1000 0000:00:03.0 eth0: Intel(R) PRO/1000 Network Connection
[    7.770084] mptbase: ioc0: Initiating bringup
[    7.885426] ioc0: LSI53C1030 A0: Capabilities={Initiator}
[    8.195765] scsi host2: ioc0: LSI53C1030 A0, FwRev=00000000h, Ports=1, MaxQ=256, IRQ=20
[    8.383353] scsi 2:0:0:0: Direct-Access     VBOX     HARDDISK         1.0  PQ: 0 ANSI: 5
[    8.457073] scsi target2:0:0: Beginning Domain Validation
[    8.459050] scsi target2:0:0: Domain Validation skipping write tests
[    8.487092] scsi target2:0:0: Ending Domain Validation
[    8.492677] scsi target2:0:0: asynchronous
[    8.501107] scsi 2:0:1:0: Direct-Access     VBOX     HARDDISK         1.0  PQ: 0 ANSI: 5
[    8.504041] scsi target2:0:1: Beginning Domain Validation
[    8.506028] scsi target2:0:1: Domain Validation skipping write tests
[    8.538288] scsi target2:0:1: Ending Domain Validation
[    8.539559] scsi target2:0:1: asynchronous
[    8.565940] sd 2:0:0:0: Attached scsi generic sg0 type 0
[    8.575729] sd 2:0:0:0: [sda] 20971520 512-byte logical blocks: (10.7 GB/10.0 GiB)
[    8.591003] sd 2:0:1:0: Attached scsi generic sg1 type 0
[    8.593667] sd 2:0:1:0: [sdb] 20480 512-byte logical blocks: (10.5 MB/10.0 MiB)
[    8.632951] sd 2:0:0:0: [sda] Write Protect is off
[    8.667172] sd 2:0:1:0: [sdb] Write Protect is off
[    8.668264] sd 2:0:0:0: [sda] Incomplete mode parameter data
[    8.682424] sd 2:0:0:0: [sda] Assuming drive cache: write through
[    8.683806] sd 2:0:1:0: [sdb] Incomplete mode parameter data
[    8.690315] sd 2:0:1:0: [sdb] Assuming drive cache: write through
[    8.720070]  sda: sda1
[    8.722491] sd 2:0:0:0: [sda] Attached SCSI disk
[    8.746017] e1000 0000:00:08.0 eth1: (PCI:33MHz:32-bit) 08:00:27:73:21:a2
[    8.746021] e1000 0000:00:08.0 eth1: Intel(R) PRO/1000 Network Connection
[    8.782825] e1000 0000:00:08.0 enp0s8: renamed from eth1
[    8.842746] sd 2:0:1:0: [sdb] Attached SCSI disk
[    8.857162] e1000 0000:00:03.0 enp0s3: renamed from eth0
Begin: Loading e[   10.257811] md: linear personality registered for level -1
ssential drivers ... [   10.328014] md: multipath personality registered for level -4
[   10.357870] md: raid0 personality registered for level 0
[   10.398693] md: raid1 personality registered for level 1
[   10.471037] raid6: sse2x1   gen()  6403 MB/s
[   10.552951] raid6: sse2x1   xor()  4595 MB/s
[   10.624917] raid6: sse2x2   gen()  8741 MB/s
[   10.696913] raid6: sse2x2   xor()  5967 MB/s
[   10.820935] raid6: sse2x4   gen() 10186 MB/s
[   10.984933] raid6: sse2x4   xor()  6853 MB/s
[   11.033588] raid6: using algorithm sse2x4 gen() 10186 MB/s
[   11.068738] raid6: .... xor() 6853 MB/s, rmw enabled
[   11.115462] raid6: using ssse3x2 recovery algorithm
[   11.174981] xor: automatically using best checksumming function:
[   11.286390]    avx       : 52462.000 MB/sec
[   11.290132] async_tx: api initialized (async)
[   11.320392] md: raid6 personality registered for level 6
[   11.391729] md: raid5 personality registered for level 5
[   11.400467] md: raid4 personality registered for level 4
[   11.440967] md: raid10 personality registered for level 10
done.
Begin: Running /scripts/init-premount ... done.
Begin: Mounting root file syste[   11.504024] Btrfs loaded
m ... Begin: Running /scripts/local-top ... done.
Begin: Running /scripts/local-premount ... Scanning for Btrfs filesystems
done.
Warning: fsck no[   11.633597] EXT4-fs (sda1): INFO: recovery required on readonly filesystem
t present, so sk[   11.710711] EXT4-fs (sda1): write access will be enabled during recovery
ipping root file system
[   12.281742] EXT4-fs (sda1): recovery complete
[   12.284264] EXT4-fs (sda1): mounted filesystem with ordered data mode. Opts: (null)
done.
Begin: Running /scripts/local-bottom ... done.
Begin: Running /scripts/init-bottom ... done.
[   12.923492] random: nonblocking pool is initialized
[   13.390452] systemd[1]: systemd 229 running in system mode. (+PAM +AUDIT +SELINUX +IMA +APPARMOR +SMACK +SYSVINIT +UTMP +LIBCRYPTSETUP +GCRYPT +GNUTLS +ACL +XZ -LZ4 +SECCOMP +BLKID +ELFUTILS +KMOD -IDN)
[   13.593115] systemd[1]: Detected virtualization oracle.
[   13.594210] systemd[1]: Detected architecture x86-64.

Welcome to [1mUbuntu 16.04.4 LTS[0m!

[   13.629701] systemd[1]: Set hostname to <ubuntu-xenial>.
[   14.731656] systemd[1]: Set up automount Arbitrary Executable File Formats File System Automount Point.
[[0;32m  OK  [0m] Set up automount Arbitrary Executab...ats File System Automount Point.
[   14.856243] systemd[1]: Listening on Syslog Socket.
[[0;32m  OK  [0m] Listening on Syslog Socket.
[   14.864700] systemd[1]: Listening on LVM2 poll daemon socket.
[[0;32m  OK  [0m] Listening on LVM2 poll daemon socket.
[   14.891726] systemd[1]: Listening on Journal Socket.
[[0;32m  OK  [0m] Listening on Journal Socket.
[   15.016688] systemd[1]: Started Trigger resolvconf update for networkd DNS.
[[0;32m  OK  [0m] Started Trigger resolvconf update for networkd DNS.
[   15.123873] systemd[1]: Listening on udev Control Socket.
[[0;32m  OK  [0m] Listening on udev Control Socket.
[   15.253681] systemd[1]: Reached target Encrypted Volumes.
[[0;32m  OK  [0m] Reached target Encrypted Volumes.
[   15.301217] systemd[1]: Listening on Journal Socket (/dev/log).
[[0;32m  OK  [0m] Listening on Journal Socket (/dev/log).
[   15.437176] systemd[1]: Created slice User and Session Slice.
[[0;32m  OK  [0m] Created slice User and Session Slice.
[   15.485627] systemd[1]: Listening on /dev/initctl Compatibility Named Pipe.
[[0;32m  OK  [0m] Listening on /dev/initctl Compatibility Named Pipe.
[   15.505945] systemd[1]: Reached target System Time Synchronized.
[[0;32m  OK  [0m] Reached target System Time Synchronized.
[   15.508568] systemd[1]: Listening on Journal Audit Socket.
[[0;32m  OK  [0m] Listening on Journal Audit Socket.
[   15.513549] systemd[1]: Created slice System Slice.
[[0;32m  OK  [0m] Created slice System Slice.
[   15.529205] systemd[1]: Mounting Debug File System...
         Mounting Debug File System...
[   15.621351] systemd[1]: Starting Uncomplicated firewall...
         Starting Uncomplicated firewall...
[   15.767427] systemd[1]: Mounting Huge Pages File System...
         Mounting Huge Pages File System...
[   15.835452] systemd[1]: Reached target Slices.
[[0;32m  OK  [0m] Reached target Slices.
[   15.921188] systemd[1]: Starting Create list of required static device nodes for the current kernel...
         Starting Create list of required st... nodes for the current kernel...
[   16.019719] systemd[1]: Listening on udev Kernel Socket.
[[0;32m  OK  [0m] Listening on udev Kernel Socket.
[   16.041054] systemd[1]: Starting Nameserver information manager...
         Starting Nameserver information manager...
[   16.089567] systemd[1]: Starting Load Kernel Modules...
         Starting Load Kernel Modules...
[   16.164131] systemd[1]: Created slice system-serial\x2dgetty.slice.
[[0;32m  OK  [0m] Created slice system-serial\x2dgetty.slice.
[   16.283457] systemd[1]: Listening on Device-mapper event daemon FIFOs.
[[0;32m  OK  [0m] Listening on Device-mapper event daemon FIFOs.
[   16.296849] Loading iSCSI transport class v2.0-870.
[   16.297130] systemd[1]: Starting Set console keymap...
         Starting Set console keymap...
[   16.502282] systemd[1]: Mounting POSIX Message Queue File System...
         Mounting POSIX Message Queue File System...
[   16.512246] systemd[1]: Reached target Swap.
[[0;32m  OK  [0m] Reached target Swap.
[   16.515344] systemd[1]: Starting Journal Service...
         Starting Journal Service...
[   16.565207] systemd[1]: Reached target User and Group Name Lookups.
[[0;32m  OK  [0m] Reached target User and Group Name Lookups.
[   16.579081] systemd[1]: Starting Remount Root and Kernel File Systems...
         Starting Remount Root and Kernel File Systems...
[   16.607846] systemd[1]: Started Forward Password Requests to Wall Directory Watch.
[[0;32m  OK  [0m] Started Forward Password Requests to Wall Directory Watch.
[   16.629838] EXT4-fs (sda1): re-mounted. Opts: (null)
[   16.656559] systemd[1]: Listening on LVM2 metadata daemon socket.
[[0;32m  OK  [0[   16.666912] iscsi: registered transport (tcp)
m] Listening on LVM2 metadata daemon socket.
[   16.764992] systemd[1]: Starting Monitoring of LVM2 mirrors, snapshots etc. using dmeventd or progress polling...
         Starting Monitoring of LVM2 mirrors... dmeventd or progress polling...
[   16.816260] systemd[1]: Mounted POSIX Message Queue File System.
[[0;32m  OK  [0m] Mounted POSIX Message Queue File System.
[   16.934839] systemd[1]: Mounted Huge Pages File System.
[[0;32m  OK  [0m] Mounted Huge Pages File System.
[   17.025194] systemd[1]: Mounted Debug File System.
[[0;32m  OK  [0m] Mounted Debug File System.
[   17.090914] systemd[1]: Started Uncomplicated firewall.
[[0;32m  OK  [0m] Started Uncomplicated firewall.
[   17.097355] systemd[1]: Started Create list of required static device nodes for the current kernel.
[[0;32m  OK  [0m] Started Create list of required sta...ce nodes for the current kernel.
[   17.152508] systemd[1]: Started Set console keymap.
[[0;32m  OK  [0m] Started Set console keymap.
[   17.208018] systemd[1]: Started Remount Root and Kernel File Systems.
[[0;32m  OK  [0m] Started Remount Root and Kernel File Systems.
[   17.239014] systemd[1]: Started Nameserver information manager.
[[0;32m  OK  [0m] Started Nameserver information manager.
[   17.247988] systemd[1]: Started Journal Service.
[[0;32m  OK  [0m] Started Journal Service.
[[0;32m  OK  [[   17.327897] iscsi: registered transport (iser)
0m] Started LVM2 metadata daemon.
         Starting Load/Save Random Seed...
         Starting Initial cloud-init job (pre-networking)...
         Starting Flush Journal to Persistent Storage...
         Starting udev Coldplug all Devices...
         Starting Create Static Device Nodes in /dev...
[[0;32m  OK  [0m] Started Load Kernel Modules.
[[0;32m  OK  [0m] Started Load/Save Random Seed.
[   17.671352] systemd-journald[393]: Received request to flush runtime journal from PID 1
         Mounting FUSE Control File System...
         Starting Apply Kernel Variables...
[[0;32m  OK  [0m] Mounted FUSE Control File System.
[[0;32m  OK  [0m] Started udev Coldplug all Devices.
[[0;32m  OK  [0m] Started Monitoring of LVM2 mirrors,...ng dmeventd or progress polling.
[[0;32m  OK  [0m] Started Flush Journal to Persistent Storage.
[[0;32m  OK  [0m] Started Apply Kernel Variables.
[[0;32m  OK  [0m] Started Create Static Device Nodes in /dev.
         Starting udev Kernel Device Manager...
[[0;32m  OK  [0m] Started udev Kernel Device Manager.
[[0;32m  OK  [0m] Reached target Local File Systems (Pre).
[[0;32m  OK  [0m] Reached target Local File Systems.
         Starting Set console font and keymap...
         Starting Create Volatile Files and Directories...
         Starting LSB: AppArmor initialization...
         Starting Tell Plymouth To Write Out Runtime Data...
[[0;32m  OK  [0m] Started Dispatch Password Requests to Console Directory Watch.
[[0;32m  OK  [0m] Started Create Volatile Files and Directories.
[[0;32m  OK  [0m] Started Tell Plymouth To Write Out Runtime Data.
[[0;32m  OK  [0m] Found device /dev/ttyS0.
         Starting Update UTMP about System Boot/Shutdown...
[[0;32m  OK  [0m] Started Update UTMP about System Boot/Shutdown.
[[0;32m  OK  [0m] Found device 82540EM Gigabit Ethern...r (PRO/1000 MT Desktop Adapter).
[[0;32m  OK  [0m] Found device 82540EM Gigabit Ethern...r (PRO/1000 MT Desktop Adapter).
[[0;32m  OK  [0m] Listening on Load/Save RF Kill Switch Status /dev/rfkill Watch.
[[0;32m  OK  [0m] Started Set console font and keymap.
[[0;32m  OK  [0m] Created slice system-getty.slice.
[[0;32m  OK  [0m] Started LSB: AppArmor initialization.
[   19.928795] cloud-init[432]: Cloud-init v. 17.2 running 'init-local' at Mon, 17 Sep 2018 21:32:41 +0000. Up 19.25 seconds.
[[0;32m  OK  [0m] Started Initial cloud-init job (pre-networking).
[[0;32m  OK  [0m] Reached target Network (Pre).
[[0;32m  OK  [0m] Started ifup for enp0s8.
[[0;32m  OK  [0m] Started ifup for enp0s3.
         Starting Raise network interfaces...
[[0;32m  OK  [0m] Started Raise network interfaces.
[[0;32m  OK  [0m] Reached target Network.
         Starting Initial cloud-init job (metadata service crawler)...
[   21.342892] cloud-init[1043]: Cloud-init v. 17.2 running 'init' at Mon, 17 Sep 2018 21:32:43 +0000. Up 20.61 seconds.
[   21.420432] cloud-init[1043]: ci-info: ++++++++++++++++++++++++++++++++++++++Net device info++++++++++++++++++++++++++++++++++++++
[   21.420686] cloud-init[1043]: ci-info: +--------+------+-----------------------------+---------------+-------+-------------------+
[[0;32m  OK  [0m] Started Initial cloud-init job (metadata service crawler).
[   21.420817] cloud-init[1043]: ci-info: | Device |  Up  |           Address           |      Mask     | Scope |     Hw-Address    |
[   21.516289] cloud-init[1043]: ci-info: +--------+------+-----------------------------+---------------+-------+-------------------+
[[   21.523978] cloud-init[1043]: ci-info: | enp0s3 | True |          10.0.2.15          | 255.255.255.0 |   .   | 02:1b:e7:ca:c1:c0 |
[   21.525467] cloud-init[1043]: ci-info: | enp0s3 | True |  fe80::1b:e7ff:feca:c1c0/64 |       .       |  link | 02:1b:e7:ca:c1:c0 |
[   21.525979] cloud-init[1043]: ci-info: | enp0s8 | True |        192.168.33.153       | 255.255.255.0 |   .   | 08:00:27:73:21:a2 |
[0;32m  OK  [0m] Reached target Cloud-config availability.
[   21.526534] cloud-init[1043]: ci-info: | enp0s8 | True | fe80::a00:27ff:fe73:21a2/64 |       .       |  link | 08:00:27:73:21:a2 |
[[0;32m  OK  [0m] Reached target System Initialization.
[[   21.630326] cloud-init[1043]: ci-info: |   lo   | True |          127.0.0.1          |   255.0.0.0   |   .   |         .         |
[   21.653710] cloud-init[1043]: ci-info: |   lo   | True |           ::1/128           |       .       |  host |         .         |
[   21.654812] cloud-init[1043]: ci-info: +--------+------+-----------------------------+---------------+-------+-------------------+
[0;32m  OK  [0m] Listening on UUID daemon activation socket.
[[   21.655339] cloud-init[1043]: ci-info: ++++++++++++++++++++++++++++Route IPv4 info++++++++++++++++++++++++++++
[   21.773567] cloud-init[1043]: ci-info: +-------+--------------+----------+---------------+-----------+-------+
[   21.774574] cloud-init[1043]: ci-info: | Route | Destination  | Gateway  |    Genmask    | Interface | Flags |
[   21.775052] cloud-init[1043]: ci-info: +-------+--------------+----------+---------------+-----------+-------+
[0;32m  OK  [0m] Started Daily Cleanup of Temporary Directories.
[   21.776366] cloud-init[1043]: ci-info: |   0   |   0.0.0.0    | 10.0.2.2 |    0.0.0.0    |   enp0s3  |   UG  |
[   21.999933] cloud-init[1043]: ci-info: |   1   |   10.0.2.0   | 0.0.0.0  | 255.255.255.0 |   enp0s3  |   U   |
[   22.003759] cloud-init[1043]: ci-info: |   2   | 192.168.33.0 | 0.0.0.0  | 255.255.255.0 |   enp0s8  |   U   |
[   22.004007] cloud-init[1043]: ci-info: +-------+--------------+----------+---------------+-----------+-------+
[[0;32m  OK  [0m] Started Timer to automatically refresh installed snaps.
[[0;32m  OK  [0m] Started ACPI Events Check.
[[0;32m  OK  [0m] Reached target Paths.
         Starting Docker Socket for the API.
[[0;32m  OK  [0m] Listening on ACPID Listen Socket.
[[0;32m  OK  [0m] Started Daily apt download activities.
[[0;32m  OK  [0m] Started Daily apt upgrade and clean activities.
[[0;32m  OK  [0m] Reached target Timers.
         Starting LXD - unix socket.
[[0;32m  OK  [0m] Listening on D-Bus System Message Bus Socket.
         Starting Socket activation for snappy daemon.
[[0;32m  OK  [0m] Reached target Network is Online.
         Starting iSCSI initiator daemon (iscsid)...
[[0;32m  OK  [0m] Listening on Docker Socket for the API.
[[0;32m  OK  [0m] Listening on LXD - unix socket.
[[0;32m  OK  [0m] Listening on Socket activation for snappy daemon.
[[0;32m  OK  [0m] Reached target Sockets.
[[0;32m  OK  [0m] Reached target Basic System.
         Starting LXD - container startup/shutdown...
         Starting Apply the settings specified in cloud-config...
         Starting Login Service...
[[0;32m  OK  [0m] Started Unattended Upgrades Shutdown.
         Starting Snappy daemon...
         Starting LSB: Record successful boot for GRUB...
         Starting LSB: MD monitoring daemon...
         Starting Virtualbox guest utils...
[[0;32m  OK  [0m] Started Deferred execution scheduler.
[[0;32m  OK  [0m] Started FUSE filesystem for LXC.
[[0;32m  OK  [0m] Started Regular background program processing daemon.
[[0;32m  OK  [0m] Started D-Bus System Message Bus.
[   22.954171] cloud-init[1103]: Cloud-init v. 17.2 running 'modules:config' at Mon, 17 Sep 2018 21:32:45 +0000. Up 22.70 seconds.
         Starting System Logging Service...
         Starting OpenBSD Secure Shell server...
[[0;32m  OK  [0m] Started ACPI event daemon.
         Starting /etc/rc.local Compatibility...
         Starting Accounts Service...
         Starting Docker Application Container Engine...
[[0;32m  OK  [0m] Started iSCSI initiator daemon (iscsid).
[[0;32m  OK  [0m] Started Apply the settings specified in cloud-config.
[[0;32m  OK  [0m] Started /etc/rc.local Compatibility.
         Starting Login to default iSCSI targets...
[[0;32m  OK  [0m] Started Login Service.
[[0;32m  OK  [0m] Started LSB: Record successful boot for GRUB.
[[0;32m  OK  [0m] Started LSB: MD monitoring daemon.
[[0;32m  OK  [0m] Started System Logging Service.
[[0;32m  OK  [0m] Started Login to default iSCSI targets.
[[0;32m  OK  [0m] Reached target Remote File Systems (Pre).
[[0;32m  OK  [0m] Reached target Remote File Systems.
         Starting LSB: Set the CPU Frequency Scaling governor to "ondemand"...
         Starting Permit User Sessions...
         Starting LSB: automatic crash report generation...
         Starting LSB: daemon to balance interrupts for SMP systems...
[[0;32m  OK  [0m] Started Permit User Sessions.
[[0;32m  OK  [0m] Started LSB: Set the CPU Frequency Scaling governor to "ondemand".
         Starting Hold until boot process finishes up...
         Starting Terminate Plymouth Boot Screen...
[[0;32m  OK  [0m] Started Hold until boot process finishes up.
[[0;32m  OK  [0m] Started Terminate Plymouth Boot Screen.
[[0;32m  OK  [0m] Started Serial Getty on ttyS0.
         Starting Set console scheme...
[[0;32m  OK  [0m] Started Getty on tty1.
[[0;32m  OK  [0m] Reached target Login Prompts.
[[0;32m  OK  [0m] Started LSB: daemon to balance interrupts for SMP systems.
[[0;32m  OK  [0m] Started Set console scheme.
[[0;32m  OK  [0m] Started Virtualbox guest utils.
[[0;32m  OK  [0m] Started LXD - container startup/shutdown.
[[0;32m  OK  [0m] Started LSB: automatic crash report generation.
[[0;32m  OK  [0m] Started Snappy daemon.
[[0;32m  OK  [0m] Started OpenBSD Secure Shell server.
         Starting Authenticate and Authorize Users to Run Privileged Tasks...
[[0;32m  OK  [0m] Started Authenticate and Authorize Users to Run Privileged Tasks.
[[0;32m  OK  [0m] Started Accounts Service.
[[0;32m  OK  [0m] Created slice User Slice of vagrant.
         Startin[[0;32m  OK  [0m] Stopped target Timers.
[[0;32m  OK  [0m] Stopped Timer to automatically refresh installed snaps.
[[0;32m  OK  [0m] Closed Load/Save RF Kill Switch Status /dev/rfkill Watch.
         Stopping ACPIv         Stopping D-Bus System Message Bus...
         Stopping OpenBSD Secure Shell server...
         Stopping Regular background program processing daemon...
         Stopping System Logging Service...
         Stopping Snappy daemon...
         Stopping LSB: MD monitoring daemon...
         Stopping Accounts Service...
         Stopping LSB: Record successful boot for GRUB...
[[0;32m  OK  [0m] Stopped ACPI event daemon.
[[0;32m  OK  [0m] Stopped Regular background program processing daemon.
[[0;32m  OK  [0m] Stopped Deferred execution scheduler.
[[0;32m  OK  [0m] Stopped Authenticate and Authorize Users to Run Privileged Tasks.
[[0;32m  OK  [0m] Stopped Serial Getty on ttyS0.
[[0;32m  OK  [0m] Stopped Getty on tty1.
[[0;32m  OK  [0m] Stopped Session 31 of user vagrant.
[[0;32m  OK  [0m] Stopped Session 29 of user vagrant.
[[0;32m  OK  [0m] Removed slice system-getty.slice.
[[0;32m  OK  [0m] Removed slice system-serial\x2dgetty.slice.
[[0;32m  OK  [0m] Stopped /etc/rc.local Compatibility.
[[0;32m  OK  [0m] Stopped Snappy daemon.
[[0;32m  OK  [0m] Stopped OpenBSD Secure Shell server.
[[0;32m  OK  [0m] Unmounted /var/lib/lxcfs.
[[0;32m  OK  [0m] Stopped LXD - container startup/shutdown.
[[0;32m  OK  [0m] Stopped FUSE filesystem for LXC.
[[0;32m  OK  [0m] Stopped D-Bus System Message Bus.
[[0;32m  OK  [0m] Stopped User Manager for UID 1000.
[[0;32m  OK  [0m] Removed slice User Slice of vagrant.
         Stopping Login Service...
         Stopping Permit User Sessions...
[[0;32m  OK  [0m] Stopped Login Service.
[[0;32m  OK  [0m] Stopped System Logging Service.
[[0;32m  OK  [0m] Stopped Permit User Sessions.
[[0;32m  OK  [0m] Stopped Accounts Service.
[[0;32m  OK  [0m] Stopped target User and Group Name Lookups.
[[0;32m  OK  [0m] Stopped Unattended Upgrades Shutdown.
[[0;32m  OK  [0m] Stopped LSB: Record successful boot for GRUB.
[[0;32m  OK  [0m] Stopped LSB: automatic crash report generation.
[[0;32m  OK  [0m] Stopped LSB: Set the CPU Frequency Scaling governor to "ondemand".
[[0;32m  OK  [0m] Stopped LSB: daemon to balance interrupts for SMP systems.
[[0;32m  OK  [0m] Stopped LSB: MD monitoring daemon.
[[0;32m  OK  [0m] Stopped target Remote File Systems.
[[0;32m  OK  [0m] Stopped target Remote File Systems (Pre).
         Stopping Login to default iSCSI targets...
[[0;32m  OK  [0m] Stopped Virtualbox guest utils.
[[0;32m  OK  [0m] Unmounted /run/docker/netns/30788df6c00c.
[[0;32m  OK  [0m] Unmounted /var/lib/docker/container...e42c5627ff0cdb8a1eaf/mounts/shm.
[[0;32m  OK  [0m] Unmounted /var/lib/docker/overlay2/...c961721bafeb703090ebf959/merged.
[[0;32m  OK  [0m] Unmounted /run/docker/netns/5ab200408580.
[[0;32m  OK  [0m] Unmounted /var/lib/docker/container...9435750f2e95eb876c44/mounts/shm.
[[0;32m  OK  [0m] Unmounted /var/lib/docker/overlay2/...92a730b55a228875d2f5bdfb/merged.
[[0;32m  OK  [0m] Unmounted /run/docker/netns/589d87453255.
[[0;32m  OK  [0m] Unmounted /var/lib/docker/container...af6c3700da03be491a9e/mounts/shm.
[[0;32m  OK  [0m] Unmounted /var/lib/docker/overlay2/...f854302cc52a73de7d09f2a4/merged.
[[0;32m  OK  [0m] Unmounted /run/docker/netns/44fb676104ea.
[[0;32m  OK  [0m] Unmounted /var/lib/docker/container...36bfece7642d5c1d7fb5/mounts/shm.
[[0;32m  OK  [0m] Unmounted /var/lib/docker/overlay2/...ec1f6d0b0e712f1e5b6d5efc/merged.
[[0;32m  OK  [0m] Stopped Login to default iSCSI targets.
         Stopping iSCSI initiator daemon (iscsid)...
[[0;32m  OK  [0m] Stopped iSCSI initiator daemon (iscsid).
[[0;32m  OK  [0m] Unmounted /run/docker/netns/1179e62caa9d.
[[0;32m  OK  [0m] Unmounted /var/lib/docker/container...cb7396d9c9d15f510007/mounts/shm.
[[0;32m  OK  [0m] Unmounted /var/lib/docker/overlay2/...7969c5db9641b58a53676569/merged.
[[0;32m  OK  [0m] Unmounted /run/docker/netns/1-xlkqr2vqux.
[[0;32m  OK  [0m] Unmounted /run/docker/netns/50fa6eefbb14.
[[0;32m  OK  [0m] Unmounted /var/lib/docker/container...8172e63ac916ca803c9d/mounts/shm.
[[0;32m  OK  [0m] Unmounted /var/lib/docker/overlay2/...470d811b1269ce134abbeecb/merged.
[[0;32m  OK  [0m] Unmounted /run/docker/netns/bd94cdb1c1a6.
[[0;32m  OK  [0m] Unmounted /run/docker/netns/1-p7iv43zmgf.
[[0;32m  OK  [0m] Unmounted /run/docker/netns/ingress_sbox.
[[0;32m  OK  [0m] Stopped Docker Application Container Engine.
[[0;32m  OK  [0m] Stopped target Network is Online.
[[0;32m  OK  [0m] Stopped target Network.
[[0;32m  OK  [0m] Stopped target Basic System.
[[0;32m  OK  [0m] Stopped target Paths.
[[0;32m  OK  [0m] Stopped Forward Password Requests to Wall Directory Watch.
[[0;32m  OK  [0m] Stopped ACPI Events Check.
[[0;32m  OK  [0m] Stopped Dispatch Password Requests to Console Directory Watch.
[[0;32m  OK  [0m] Stopped target Sockets.
[[0;32m  OK  [0m] Closed LXD - unix socket.
[[0;32m  OK  [0m] Closed Socket activation for snappy daemon.
[[0;32m  OK  [0m] Closed Syslog Socket.
[[0;32m  OK  [0m] Closed UUID daemon activation socket.
[[0;32m  OK  [0m] Closed D-Bus System Message Bus Socket.
[[0;32m  OK  [0m] Closed ACPID Listen Socket.
[[0;32m  OK  [0m] Stopped target Slices.
[[0;32m  OK  [0m] Removed slice User and Session Slice.
[[0;32m  OK  [0m] Closed Docker Socket for the API.
[[0;32m  OK  [0m] Stopped target System Initialization.
[[0;32m  OK  [0m] Stopped target Swap.
         Stopping Load/Save Random Seed...
[[0;32m  OK  [0m] Stopped Initial cloud-init job (metadata service crawler).
         Stopping Raise network interfaces...
[[0;32m  OK  [0m] Stopped target Encrypted Volumes.
[[0;32m  OK  [0m] Stopped Create Volatile Files and Directories.
[[0;32m  OK  [0m] Stopped Load/Save Random Seed.
[[0;32m  OK  [0m] Stopped Raise network interfaces.
[[0;32m  OK  [0m] Stopped Apply Kernel Variables.
[[0;32m  OK  [0m] Stopped Load Kernel Modules.
[[0;32m  OK  [0m] Stopped target Local File Systems.
         Unmounting /vagrant...
         Unmounting /run/user/1000...
[[0;32m  OK  [0m] Stopped target Network (Pre).
[[0;32m  OK  [0m] Stopped Initial cloud-init job (pre-networking).
[[0;32m  OK  [0m] Unmounted /vagrant.
[[0;32m  OK  [0m] Unmounted /run/user/1000.
[[0;32m  OK  [0m] Reached target Unmount All Filesystems.
[[0;32m  OK  [0m] Stopped target Local File Systems (Pre).
[[0;32m  OK  [0m] Stopped Create Static Device Nodes in /dev.
[[0;32m  OK  [0m] Stopped Remount Root and Kernel File Systems.
[[0;32m  OK  [0m] Reached target Shutdown.
[92086.849804] reboot: Power down
topped Load Kernel Modules.
[[0;32m  OK  [0m] Unmounted /run/user/1000.
[[0;32m  OK  [0m] Unmounted /vagrant.
[[0;32m  OK  [0m] Reached target Unmount All Filesystems.
[[0;32m  OK  [0m] Stopped target Local File Systems (Pre).
         Stopping Monitoring of LVM2 mirrors... dmeventd or progress polling...
[[0;32m  OK  [0m] Stopped Remount Root and Kernel File Systems.
[[0;32m  OK  [0m] Stopped Create Static Device Nodes in /dev.
[[0;32m  OK  [0m] Reached target Shutdown.
[92022.947882] reboot: Power down
